/home/ka/ka_itec/ka_rh5993/.local/lib/python3.12/site-packages/pydantic/_internal/_generate_schema.py:2249: UnsupportedFieldAttributeWarning: The 'repr' attribute with value False was provided to the `Field()` function, which has no effect in the context it was used. 'repr' is field-specific metadata, and can only be attached to a model field using `Annotated` metadata or by assignment. This may have happened because an `Annotated` type alias using the `type` statement was used, or if the `Field()` function was attached to a single member of a union type.
  warnings.warn(
/home/ka/ka_itec/ka_rh5993/.local/lib/python3.12/site-packages/pydantic/_internal/_generate_schema.py:2249: UnsupportedFieldAttributeWarning: The 'frozen' attribute with value True was provided to the `Field()` function, which has no effect in the context it was used. 'frozen' is field-specific metadata, and can only be attached to a model field using `Annotated` metadata or by assignment. This may have happened because an `Annotated` type alias using the `type` statement was used, or if the `Field()` function was attached to a single member of a union type.
  warnings.warn(
2025-11-26 11:27:42,564 INFO: Loading dataset from ./data/dataset.ds
2025-11-26 11:27:42,762 INFO: Using accelerator=cpu
2025-11-26 11:27:42,763 INFO: === Starting run 1/1 with seed 42 ===
GPU available: False, used: False
TPU available: False, using: 0 TPU cores
HPU available: False, using: 0 HPUs
wandb: Currently logged in as: lupos to https://api.wandb.ai. Use `wandb login --relogin` to force relogin
wandb: setting up run 80u6ivy1
wandb: Tracking run with wandb version 0.22.2
wandb: Run data is saved locally in /scratch/ka_rh5993/wandb_logs/wandb/run-20251126_112743-80u6ivy1
wandb: Run `wandb offline` to turn off syncing.
wandb: Syncing run SRC_run1
wandb: â­ï¸ View project at https://wandb.ai/lupos/surrogate-confidence
wandb: ðŸš€ View run at https://wandb.ai/lupos/surrogate-confidence/runs/80u6ivy1
/home/ka/ka_itec/ka_rh5993/.local/lib/python3.12/site-packages/pytorch_lightning/callbacks/model_checkpoint.py:751: Checkpoint directory /pfs/data6/home/ka/ka_itec/ka_rh5993/SpikeSynth/surrogate/models/SRNN exists and is not empty.

  | Name             | Type       | Params | Mode 
--------------------------------------------------------
0 | norm             | LayerNorm  | 14     | train
1 | lif_layers       | ModuleList | 13.0 K | train
2 | leaky_linears    | ModuleList | 0      | train
3 | temp_skip_projs  | ModuleList | 0      | train
4 | layer_skip_projs | ModuleList | 0      | train
5 | layer_bntt       | ModuleList | 0      | train
6 | layer_norms      | ModuleList | 0      | train
7 | output_layer     | Linear     | 65     | train
--------------------------------------------------------
13.1 K    Trainable params
0         Non-trainable params
13.1 K    Total params
0.052     Total estimated model params size (MB)
16        Modules in train mode
0         Modules in eval mode
SLURM auto-requeueing enabled. Setting signal handlers.
Metric val_loss improved. New best score: 0.249
Metric val_loss improved by 0.036 >= min_delta = 0.0001. New best score: 0.213
Metric val_loss improved by 0.024 >= min_delta = 0.0001. New best score: 0.189
Metric val_loss improved by 0.014 >= min_delta = 0.0001. New best score: 0.175
Metric val_loss improved by 0.007 >= min_delta = 0.0001. New best score: 0.168
Metric val_loss improved by 0.003 >= min_delta = 0.0001. New best score: 0.164
Metric val_loss improved by 0.001 >= min_delta = 0.0001. New best score: 0.163
Metric val_loss improved by 0.000 >= min_delta = 0.0001. New best score: 0.163
slurmstepd: error: *** JOB 2315284 ON uc3n022 CANCELLED AT 2025-11-26T11:36:49 ***
