/home/ka/ka_itec/ka_rh5993/.local/lib/python3.12/site-packages/pydantic/_internal/_generate_schema.py:2249: UnsupportedFieldAttributeWarning: The 'repr' attribute with value False was provided to the `Field()` function, which has no effect in the context it was used. 'repr' is field-specific metadata, and can only be attached to a model field using `Annotated` metadata or by assignment. This may have happened because an `Annotated` type alias using the `type` statement was used, or if the `Field()` function was attached to a single member of a union type.
  warnings.warn(
/home/ka/ka_itec/ka_rh5993/.local/lib/python3.12/site-packages/pydantic/_internal/_generate_schema.py:2249: UnsupportedFieldAttributeWarning: The 'frozen' attribute with value True was provided to the `Field()` function, which has no effect in the context it was used. 'frozen' is field-specific metadata, and can only be attached to a model field using `Annotated` metadata or by assignment. This may have happened because an `Annotated` type alias using the `type` statement was used, or if the `Field()` function was attached to a single member of a union type.
  warnings.warn(
usage: 2_train_rsnn_surrogate.py [-h] [--data DATA]
                                 [--experiment-name EXPERIMENT_NAME]
                                 [--project-name PROJECT_NAME]
                                 [--logging-directory LOGGING_DIRECTORY]
                                 [--checkpoint-path CHECKPOINT_PATH]
                                 [--monitor MONITOR]
                                 [--monitor-mode {min,max}] [--no-wandb]
                                 [--log-every-n-steps LOG_EVERY_N_STEPS]
                                 [--num-runs NUM_RUNS] [--base-seed BASE_SEED]
                                 [--num-hidden NUM_HIDDEN]
                                 [--num-hidden-layers NUM_HIDDEN_LAYERS]
                                 [--beta BETA] [--temporal-skip TEMPORAL_SKIP]
                                 [--layer-skip LAYER_SKIP]
                                 [--surrogate SURROGATE] [--torch-compile]
                                 [--use-gpu-if-available]
                                 [--use-bntt USE_BNTT]
                                 [--bntt-time-steps BNTT_TIME_STEPS]
                                 [--use-layernorm USE_LAYERNORM]
                                 [--neuron-type {LeakyParallel,Leaky,RLeaky,SLSTM,SRC}]
                                 [--src-config SRC_CONFIG]
                                 [--max-epochs MAX_EPOCHS] [--lr LR]
                                 [--batch-size BATCH_SIZE]
                                 [--scheduler-class {none,cosine,exponential,step,plateau}]
                                 [--scheduler-kwargs SCHEDULER_KWARGS]
                                 [--optimizer-class {Adam,AdamW,SGD,RMSprop,Adagrad}]
                                 [--optimizer-kwargs OPTIMIZER_KWARGS]
                                 [--early-stopping EARLY_STOPPING]
                                 [--early-stopping-patience EARLY_STOPPING_PATIENCE]
                                 [--early-stopping-delta EARLY_STOPPING_DELTA]
                                 [--loss-fn LOSS_FN]
                                 [--loss-kwargs LOSS_KWARGS]
2_train_rsnn_surrogate.py: error: unrecognized arguments: --alpha 2
