[sweep] Creating sweep for project='SpikeSynth-Surrogate-Sweep', entity='lupos'
Create sweep with ID: teyag2bf
Sweep URL: https://wandb.ai/lupos/SpikeSynth-Surrogate-Sweep/sweeps/teyag2bf
[sweep] Created sweep id: teyag2bf
[sweep] Starting wandb.agent with count=100 (None means run until stopped).
[build_surrogate] Building surrogate 'atan' with kwargs: {'alpha': 0.9}
[build_surrogate] Building surrogate 'atan' with kwargs: {'alpha': 0.9}
[build_surrogate] Building surrogate 'atan' with kwargs: {'alpha': 0.9}

============================= JOB FEEDBACK =============================

NodeName=uc3n046
Job ID: 2331315
Cluster: uc3
User/Group: ka_rh5993/ka_itec
State: COMPLETED (exit code 0)
Nodes: 1
Cores per node: 20
CPU Utilized: 00:00:09
CPU Efficiency: 0.80% of 00:18:40 core-walltime
Job Wall-clock time: 00:00:56
Memory Utilized: 1012.07 MB
Memory Efficiency: 0.79% of 125.00 GB (125.00 GB/node)
