/home/ka/ka_itec/ka_rh5993/.local/lib/python3.12/site-packages/pydantic/_internal/_generate_schema.py:2249: UnsupportedFieldAttributeWarning: The 'repr' attribute with value False was provided to the `Field()` function, which has no effect in the context it was used. 'repr' is field-specific metadata, and can only be attached to a model field using `Annotated` metadata or by assignment. This may have happened because an `Annotated` type alias using the `type` statement was used, or if the `Field()` function was attached to a single member of a union type.
  warnings.warn(
/home/ka/ka_itec/ka_rh5993/.local/lib/python3.12/site-packages/pydantic/_internal/_generate_schema.py:2249: UnsupportedFieldAttributeWarning: The 'frozen' attribute with value True was provided to the `Field()` function, which has no effect in the context it was used. 'frozen' is field-specific metadata, and can only be attached to a model field using `Annotated` metadata or by assignment. This may have happened because an `Annotated` type alias using the `type` statement was used, or if the `Field()` function was attached to a single member of a union type.
  warnings.warn(
2025-11-11 16:47:12,192 INFO: Loading dataset from ./data/dataset.ds
2025-11-11 16:47:12,382 INFO: Using accelerator=cpu
2025-11-11 16:47:12,382 INFO: === Starting run 1/4 with seed 42 ===
GPU available: False, used: False
TPU available: False, using: 0 TPU cores
HPU available: False, using: 0 HPUs
wandb: Currently logged in as: lupos to https://api.wandb.ai. Use `wandb login --relogin` to force relogin
wandb: setting up run 6pih5mcb
wandb: Tracking run with wandb version 0.22.2
wandb: Run data is saved locally in /scratch/ka_rh5993/wandb_logs/wandb/run-20251111_164712-6pih5mcb
wandb: Run `wandb offline` to turn off syncing.
wandb: Syncing run SLSTM_8L_run1
wandb: â­ï¸ View project at https://wandb.ai/lupos/surrogate-confidence
wandb: ðŸš€ View run at https://wandb.ai/lupos/surrogate-confidence/runs/6pih5mcb
/home/ka/ka_itec/ka_rh5993/.local/lib/python3.12/site-packages/pytorch_lightning/callbacks/model_checkpoint.py:751: Checkpoint directory /pfs/data6/home/ka/ka_itec/ka_rh5993/SpikeSynth/surrogate/models/SRNN exists and is not empty.

  | Name             | Type       | Params | Mode 
--------------------------------------------------------
0 | norm             | LayerNorm  | 14     | train
1 | lif_layers       | ModuleList | 251 K  | train
2 | temp_skip_projs  | ModuleList | 0      | train
3 | layer_skip_projs | ModuleList | 0      | train
4 | layer_bntt       | ModuleList | 0      | train
5 | layer_norms      | ModuleList | 0      | train
6 | output_layer     | Linear     | 65     | train
--------------------------------------------------------
251 K     Trainable params
0         Non-trainable params
251 K     Total params
1.007     Total estimated model params size (MB)
31        Modules in train mode
0         Modules in eval mode
SLURM auto-requeueing enabled. Setting signal handlers.
Metric val_loss improved. New best score: 0.204
Metric val_loss improved by 0.022 >= min_delta = 0.0001. New best score: 0.182
Metric val_loss improved by 0.012 >= min_delta = 0.0001. New best score: 0.170
Metric val_loss improved by 0.005 >= min_delta = 0.0001. New best score: 0.165
Metric val_loss improved by 0.002 >= min_delta = 0.0001. New best score: 0.164
Metric val_loss improved by 0.001 >= min_delta = 0.0001. New best score: 0.163
Metric val_loss improved by 0.000 >= min_delta = 0.0001. New best score: 0.163
Monitored metric val_loss did not improve in the last 20 records. Best score: 0.163. Signaling Trainer to stop.
wandb: uploading artifact model-6pih5mcb; updating run metadata
wandb: uploading artifact model-6pih5mcb
wandb: uploading history steps 65-66, summary, console lines 19-20
wandb: 
wandb: Run history:
wandb:                  epoch â–â–â–â–‚â–‚â–‚â–‚â–ƒâ–ƒâ–ƒâ–ƒâ–ƒâ–ƒâ–ƒâ–ƒâ–„â–„â–„â–…â–…â–…â–…â–…â–…â–†â–†â–†â–†â–†â–†â–‡â–‡â–‡â–‡â–‡â–‡â–‡â–ˆâ–ˆâ–ˆ
wandb: grad_mean/lif_layers.0 â–ˆâ–â–â–â–â–â–â–â–â–â–â–â–
wandb: grad_mean/lif_layers.1 â–ˆâ–â–â–â–â–â–â–â–â–â–â–â–
wandb: grad_mean/lif_layers.2 â–ˆâ–â–â–â–â–â–â–â–â–â–â–â–
wandb: grad_mean/lif_layers.3 â–ˆâ–â–â–â–â–â–â–â–â–â–â–â–
wandb: grad_mean/lif_layers.4 â–ˆâ–â–â–â–â–â–â–â–â–â–â–â–
wandb: grad_mean/lif_layers.5 â–ˆâ–â–â–â–â–â–â–â–â–â–â–â–
wandb: grad_mean/lif_layers.6 â–ˆâ–â–â–â–â–â–â–â–â–â–â–â–
wandb: grad_mean/lif_layers.7 â–ˆâ–â–â–â–â–â–â–â–â–â–â–â–
wandb: grad_mean/output_layer â–ˆâ–ƒâ–‚â–â–â–â–â–â–â–â–â–â–
wandb:                    +12 ...
wandb: 
wandb: Run summary:
wandb:                  epoch 26
wandb: grad_mean/lif_layers.0 0.0
wandb: grad_mean/lif_layers.1 0.0
wandb: grad_mean/lif_layers.2 0.0
wandb: grad_mean/lif_layers.3 0.0
wandb: grad_mean/lif_layers.4 0.0
wandb: grad_mean/lif_layers.5 0.0
wandb: grad_mean/lif_layers.6 0.0
wandb: grad_mean/lif_layers.7 0.0
wandb: grad_mean/output_layer 0.00892
wandb:                    +12 ...
wandb: 
wandb: ðŸš€ View run SLSTM_8L_run1 at: https://wandb.ai/lupos/surrogate-confidence/runs/6pih5mcb
wandb: â­ï¸ View project at: https://wandb.ai/lupos/surrogate-confidence
wandb: Synced 6 W&B file(s), 0 media file(s), 2 artifact file(s) and 0 other file(s)
wandb: Find logs at: /scratch/ka_rh5993/wandb_logs/wandb/run-20251111_164712-6pih5mcb/logs
2025-11-11 17:25:37,260 INFO: Run 1 finished. Best checkpoint: /pfs/data6/home/ka/ka_itec/ka_rh5993/SpikeSynth/surrogate/models/SRNN/SLSTM_8L-runrun_idx=0-epoch=10-val_loss=0.16.ckpt
2025-11-11 17:25:37,260 INFO: === Starting run 2/4 with seed 43 ===
GPU available: False, used: False
TPU available: False, using: 0 TPU cores
HPU available: False, using: 0 HPUs
wandb: setting up run tbb08hpu
wandb: Tracking run with wandb version 0.22.2
wandb: Run data is saved locally in /scratch/ka_rh5993/wandb_logs/wandb/run-20251111_172537-tbb08hpu
wandb: Run `wandb offline` to turn off syncing.
wandb: Syncing run SLSTM_8L_run2
wandb: â­ï¸ View project at https://wandb.ai/lupos/surrogate-confidence
wandb: ðŸš€ View run at https://wandb.ai/lupos/surrogate-confidence/runs/tbb08hpu
/home/ka/ka_itec/ka_rh5993/.local/lib/python3.12/site-packages/pytorch_lightning/callbacks/model_checkpoint.py:751: Checkpoint directory /pfs/data6/home/ka/ka_itec/ka_rh5993/SpikeSynth/surrogate/models/SRNN exists and is not empty.

  | Name             | Type       | Params | Mode 
--------------------------------------------------------
0 | norm             | LayerNorm  | 14     | train
1 | lif_layers       | ModuleList | 251 K  | train
2 | temp_skip_projs  | ModuleList | 0      | train
3 | layer_skip_projs | ModuleList | 0      | train
4 | layer_bntt       | ModuleList | 0      | train
5 | layer_norms      | ModuleList | 0      | train
6 | output_layer     | Linear     | 65     | train
--------------------------------------------------------
251 K     Trainable params
0         Non-trainable params
251 K     Total params
1.007     Total estimated model params size (MB)
31        Modules in train mode
0         Modules in eval mode
SLURM auto-requeueing enabled. Setting signal handlers.
Metric val_loss improved. New best score: 0.175
Metric val_loss improved by 0.009 >= min_delta = 0.0001. New best score: 0.165
Metric val_loss improved by 0.002 >= min_delta = 0.0001. New best score: 0.163
Metric val_loss improved by 0.000 >= min_delta = 0.0001. New best score: 0.163
Monitored metric val_loss did not improve in the last 20 records. Best score: 0.163. Signaling Trainer to stop.
wandb: updating run metadata
wandb: uploading history steps 57-59, summary, console lines 19-20
wandb: 
wandb: Run history:
wandb:                  epoch â–â–â–â–â–‚â–‚â–‚â–‚â–‚â–‚â–ƒâ–ƒâ–ƒâ–ƒâ–ƒâ–„â–„â–„â–„â–„â–„â–…â–…â–…â–…â–…â–†â–†â–†â–†â–†â–†â–‡â–‡â–‡â–‡â–ˆâ–ˆâ–ˆâ–ˆ
wandb: grad_mean/lif_layers.0 â–ˆâ–â–â–â–â–â–â–â–â–â–â–
wandb: grad_mean/lif_layers.1 â–ˆâ–â–â–â–â–â–â–â–â–â–â–
wandb: grad_mean/lif_layers.2 â–ˆâ–â–â–â–â–â–â–â–â–â–â–
wandb: grad_mean/lif_layers.3 â–ˆâ–â–â–â–â–â–â–â–â–â–â–
wandb: grad_mean/lif_layers.4 â–ˆâ–â–â–â–â–â–â–â–â–â–â–
wandb: grad_mean/lif_layers.5 â–ˆâ–â–â–â–â–â–â–â–â–â–â–
wandb: grad_mean/lif_layers.6 â–ˆâ–â–â–â–â–â–â–â–â–â–â–
wandb: grad_mean/lif_layers.7 â–ˆâ–â–â–â–â–â–â–â–â–â–â–
wandb: grad_mean/output_layer â–ˆâ–‚â–â–â–â–â–â–â–â–â–â–‚
wandb:                    +12 ...
wandb: 
wandb: Run summary:
wandb:                  epoch 23
wandb: grad_mean/lif_layers.0 0.0
wandb: grad_mean/lif_layers.1 0.0
wandb: grad_mean/lif_layers.2 0.0
wandb: grad_mean/lif_layers.3 0.0
wandb: grad_mean/lif_layers.4 0.0
wandb: grad_mean/lif_layers.5 0.0
wandb: grad_mean/lif_layers.6 0.0
wandb: grad_mean/lif_layers.7 0.0
wandb: grad_mean/output_layer 0.00718
wandb:                    +12 ...
wandb: 
wandb: ðŸš€ View run SLSTM_8L_run2 at: https://wandb.ai/lupos/surrogate-confidence/runs/tbb08hpu
wandb: â­ï¸ View project at: https://wandb.ai/lupos/surrogate-confidence
wandb: Synced 6 W&B file(s), 0 media file(s), 0 artifact file(s) and 0 other file(s)
wandb: Find logs at: /scratch/ka_rh5993/wandb_logs/wandb/run-20251111_172537-tbb08hpu/logs
2025-11-11 17:59:34,554 INFO: Run 2 finished. Best checkpoint: /pfs/data6/home/ka/ka_itec/ka_rh5993/SpikeSynth/surrogate/models/SRNN/SLSTM_8L-runrun_idx=0-epoch=10-val_loss=0.16.ckpt
2025-11-11 17:59:34,554 INFO: === Starting run 3/4 with seed 44 ===
GPU available: False, used: False
TPU available: False, using: 0 TPU cores
HPU available: False, using: 0 HPUs
wandb: setting up run g8fnamkv
wandb: Tracking run with wandb version 0.22.2
wandb: Run data is saved locally in /scratch/ka_rh5993/wandb_logs/wandb/run-20251111_175934-g8fnamkv
wandb: Run `wandb offline` to turn off syncing.
wandb: Syncing run SLSTM_8L_run3
wandb: â­ï¸ View project at https://wandb.ai/lupos/surrogate-confidence
wandb: ðŸš€ View run at https://wandb.ai/lupos/surrogate-confidence/runs/g8fnamkv
/home/ka/ka_itec/ka_rh5993/.local/lib/python3.12/site-packages/pytorch_lightning/callbacks/model_checkpoint.py:751: Checkpoint directory /pfs/data6/home/ka/ka_itec/ka_rh5993/SpikeSynth/surrogate/models/SRNN exists and is not empty.

  | Name             | Type       | Params | Mode 
--------------------------------------------------------
0 | norm             | LayerNorm  | 14     | train
1 | lif_layers       | ModuleList | 251 K  | train
2 | temp_skip_projs  | ModuleList | 0      | train
3 | layer_skip_projs | ModuleList | 0      | train
4 | layer_bntt       | ModuleList | 0      | train
5 | layer_norms      | ModuleList | 0      | train
6 | output_layer     | Linear     | 65     | train
--------------------------------------------------------
251 K     Trainable params
0         Non-trainable params
251 K     Total params
1.007     Total estimated model params size (MB)
31        Modules in train mode
0         Modules in eval mode
SLURM auto-requeueing enabled. Setting signal handlers.
Metric val_loss improved. New best score: 0.195
Metric val_loss improved by 0.019 >= min_delta = 0.0001. New best score: 0.176
Metric val_loss improved by 0.009 >= min_delta = 0.0001. New best score: 0.167
Metric val_loss improved by 0.003 >= min_delta = 0.0001. New best score: 0.164
Metric val_loss improved by 0.001 >= min_delta = 0.0001. New best score: 0.163
Metric val_loss improved by 0.000 >= min_delta = 0.0001. New best score: 0.163
Monitored metric val_loss did not improve in the last 20 records. Best score: 0.163. Signaling Trainer to stop.
wandb: updating run metadata
wandb: uploading history steps 63-64, summary, console lines 19-20
wandb: 
wandb: Run history:
wandb:                  epoch â–â–â–â–‚â–‚â–‚â–‚â–‚â–‚â–‚â–ƒâ–ƒâ–ƒâ–ƒâ–ƒâ–„â–„â–„â–„â–„â–„â–„â–…â–…â–…â–…â–…â–†â–†â–†â–†â–†â–†â–†â–‡â–‡â–‡â–ˆâ–ˆâ–ˆ
wandb: grad_mean/lif_layers.0 â–ˆâ–â–â–â–â–â–â–â–â–â–â–â–
wandb: grad_mean/lif_layers.1 â–ˆâ–â–â–â–â–â–â–â–â–â–â–â–
wandb: grad_mean/lif_layers.2 â–ˆâ–â–â–â–â–â–â–â–â–â–â–â–
wandb: grad_mean/lif_layers.3 â–ˆâ–â–â–â–â–â–â–â–â–â–â–â–
wandb: grad_mean/lif_layers.4 â–ˆâ–â–â–â–â–â–â–â–â–â–â–â–
wandb: grad_mean/lif_layers.5 â–ˆâ–â–â–â–â–â–â–â–â–â–â–â–
wandb: grad_mean/lif_layers.6 â–ˆâ–â–â–â–â–â–â–â–â–â–â–â–
wandb: grad_mean/lif_layers.7 â–ˆâ–â–â–â–â–â–â–â–â–â–â–â–
wandb: grad_mean/output_layer â–ˆâ–ƒâ–â–â–â–â–â–â–â–â–‚â–â–
wandb:                    +12 ...
wandb: 
wandb: Run summary:
wandb:                  epoch 25
wandb: grad_mean/lif_layers.0 0.0
wandb: grad_mean/lif_layers.1 0.0
wandb: grad_mean/lif_layers.2 0.0
wandb: grad_mean/lif_layers.3 0.0
wandb: grad_mean/lif_layers.4 0.0
wandb: grad_mean/lif_layers.5 0.0
wandb: grad_mean/lif_layers.6 0.0
wandb: grad_mean/lif_layers.7 0.0
wandb: grad_mean/output_layer 0.00893
wandb:                    +12 ...
wandb: 
wandb: ðŸš€ View run SLSTM_8L_run3 at: https://wandb.ai/lupos/surrogate-confidence/runs/g8fnamkv
wandb: â­ï¸ View project at: https://wandb.ai/lupos/surrogate-confidence
wandb: Synced 6 W&B file(s), 0 media file(s), 0 artifact file(s) and 0 other file(s)
wandb: Find logs at: /scratch/ka_rh5993/wandb_logs/wandb/run-20251111_175934-g8fnamkv/logs
2025-11-11 18:36:23,771 INFO: Run 3 finished. Best checkpoint: /pfs/data6/home/ka/ka_itec/ka_rh5993/SpikeSynth/surrogate/models/SRNN/SLSTM_8L-runrun_idx=0-epoch=10-val_loss=0.16.ckpt
2025-11-11 18:36:23,771 INFO: === Starting run 4/4 with seed 45 ===
GPU available: False, used: False
TPU available: False, using: 0 TPU cores
HPU available: False, using: 0 HPUs
wandb: setting up run 1u68z29p
wandb: Tracking run with wandb version 0.22.2
wandb: Run data is saved locally in /scratch/ka_rh5993/wandb_logs/wandb/run-20251111_183623-1u68z29p
wandb: Run `wandb offline` to turn off syncing.
wandb: Syncing run SLSTM_8L_run4
wandb: â­ï¸ View project at https://wandb.ai/lupos/surrogate-confidence
wandb: ðŸš€ View run at https://wandb.ai/lupos/surrogate-confidence/runs/1u68z29p
/home/ka/ka_itec/ka_rh5993/.local/lib/python3.12/site-packages/pytorch_lightning/callbacks/model_checkpoint.py:751: Checkpoint directory /pfs/data6/home/ka/ka_itec/ka_rh5993/SpikeSynth/surrogate/models/SRNN exists and is not empty.

  | Name             | Type       | Params | Mode 
--------------------------------------------------------
0 | norm             | LayerNorm  | 14     | train
1 | lif_layers       | ModuleList | 251 K  | train
2 | temp_skip_projs  | ModuleList | 0      | train
3 | layer_skip_projs | ModuleList | 0      | train
4 | layer_bntt       | ModuleList | 0      | train
5 | layer_norms      | ModuleList | 0      | train
6 | output_layer     | Linear     | 65     | train
--------------------------------------------------------
251 K     Trainable params
0         Non-trainable params
251 K     Total params
1.007     Total estimated model params size (MB)
31        Modules in train mode
0         Modules in eval mode
SLURM auto-requeueing enabled. Setting signal handlers.
Metric val_loss improved. New best score: 0.172
Metric val_loss improved by 0.007 >= min_delta = 0.0001. New best score: 0.164
Metric val_loss improved by 0.001 >= min_delta = 0.0001. New best score: 0.163
slurmstepd: error: *** JOB 2094723 ON uc3n043 CANCELLED AT 2025-11-11T18:46:42 DUE TO TIME LIMIT ***
