/home/ka/ka_itec/ka_rh5993/.local/lib/python3.12/site-packages/pydantic/_internal/_generate_schema.py:2249: UnsupportedFieldAttributeWarning: The 'repr' attribute with value False was provided to the `Field()` function, which has no effect in the context it was used. 'repr' is field-specific metadata, and can only be attached to a model field using `Annotated` metadata or by assignment. This may have happened because an `Annotated` type alias using the `type` statement was used, or if the `Field()` function was attached to a single member of a union type.
  warnings.warn(
/home/ka/ka_itec/ka_rh5993/.local/lib/python3.12/site-packages/pydantic/_internal/_generate_schema.py:2249: UnsupportedFieldAttributeWarning: The 'frozen' attribute with value True was provided to the `Field()` function, which has no effect in the context it was used. 'frozen' is field-specific metadata, and can only be attached to a model field using `Annotated` metadata or by assignment. This may have happened because an `Annotated` type alias using the `type` statement was used, or if the `Field()` function was attached to a single member of a union type.
  warnings.warn(
2025-11-24 16:09:15,085 INFO: Loading dataset from ./data/dataset.ds
2025-11-24 16:09:15,307 INFO: Using accelerator=cpu
2025-11-24 16:09:15,307 INFO: === Starting run 1/4 with seed 42 ===
GPU available: False, used: False
TPU available: False, using: 0 TPU cores
HPU available: False, using: 0 HPUs
wandb: Currently logged in as: lupos to https://api.wandb.ai. Use `wandb login --relogin` to force relogin
wandb: setting up run 8ysiiztv
wandb: Tracking run with wandb version 0.22.2
wandb: Run data is saved locally in /scratch/ka_rh5993/wandb_logs/wandb/run-20251124_160915-8ysiiztv
wandb: Run `wandb offline` to turn off syncing.
wandb: Syncing run RSNN_wLMAE_run1
wandb: â­ï¸ View project at https://wandb.ai/lupos/surrogate-confidence
wandb: ðŸš€ View run at https://wandb.ai/lupos/surrogate-confidence/runs/8ysiiztv
/home/ka/ka_itec/ka_rh5993/.local/lib/python3.12/site-packages/pytorch_lightning/callbacks/model_checkpoint.py:751: Checkpoint directory /pfs/data6/home/ka/ka_itec/ka_rh5993/SpikeSynth/surrogate/models/SRNN exists and is not empty.

  | Name             | Type       | Params | Mode 
--------------------------------------------------------
0 | norm             | LayerNorm  | 14     | train
1 | lif_layers       | ModuleList | 29.6 K | train
2 | leaky_linears    | ModuleList | 0      | train
3 | temp_skip_projs  | ModuleList | 0      | train
4 | layer_skip_projs | ModuleList | 0      | train
5 | layer_bntt       | ModuleList | 0      | train
6 | layer_norms      | ModuleList | 0      | train
7 | output_layer     | Linear     | 65     | train
--------------------------------------------------------
13.3 K    Trainable params
16.4 K    Non-trainable params
29.7 K    Total params
0.119     Total estimated model params size (MB)
20        Modules in train mode
0         Modules in eval mode
SLURM auto-requeueing enabled. Setting signal handlers.
Metric val_loss improved. New best score: 0.286
Metric val_loss improved by 0.031 >= min_delta = 0.0001. New best score: 0.255
Metric val_loss improved by 0.041 >= min_delta = 0.0001. New best score: 0.214
Metric val_loss improved by 0.026 >= min_delta = 0.0001. New best score: 0.188
Metric val_loss improved by 0.015 >= min_delta = 0.0001. New best score: 0.173
Metric val_loss improved by 0.012 >= min_delta = 0.0001. New best score: 0.161
Metric val_loss improved by 0.002 >= min_delta = 0.0001. New best score: 0.159
Metric val_loss improved by 0.001 >= min_delta = 0.0001. New best score: 0.158
Metric val_loss improved by 0.003 >= min_delta = 0.0001. New best score: 0.155
Metric val_loss improved by 0.001 >= min_delta = 0.0001. New best score: 0.154
Metric val_loss improved by 0.004 >= min_delta = 0.0001. New best score: 0.150
Metric val_loss improved by 0.001 >= min_delta = 0.0001. New best score: 0.149
Metric val_loss improved by 0.001 >= min_delta = 0.0001. New best score: 0.147
Metric val_loss improved by 0.002 >= min_delta = 0.0001. New best score: 0.146
Metric val_loss improved by 0.001 >= min_delta = 0.0001. New best score: 0.144
Metric val_loss improved by 0.000 >= min_delta = 0.0001. New best score: 0.144
Metric val_loss improved by 0.000 >= min_delta = 0.0001. New best score: 0.144
slurmstepd: error: *** JOB 2254364 ON uc3n004 CANCELLED AT 2025-11-24T21:08:53 DUE TO TIME LIMIT ***
